{"@t":"2023-08-22T20:39:23.8129476Z","@mt":"No migrations were applied. The database is already up to date.","EventId":{"Id":20405,"Name":"Microsoft.EntityFrameworkCore.Migrations.MigrationsNotApplied"},"SourceContext":"Microsoft.EntityFrameworkCore.Migrations"}
{"@t":"2023-08-22T20:39:23.8727501Z","@mt":"{State:l}","@r":["Start installing Hangfire SQL objects..."],"State":"Start installing Hangfire SQL objects...","SourceContext":"Hangfire.SqlServer.SqlServerObjectsInstaller"}
{"@t":"2023-08-22T20:39:23.8876951Z","@mt":"{State:l}","@r":["Hangfire SQL objects installed."],"State":"Hangfire SQL objects installed.","SourceContext":"Hangfire.SqlServer.SqlServerObjectsInstaller"}
{"@t":"2023-08-22T20:39:23.8972998Z","@mt":"User profile is available. Using '{FullName}' as key repository and Windows DPAPI to encrypt keys at rest.","FullName":"C:\\Users\\KreaM\\AppData\\Local\\ASP.NET\\DataProtection-Keys","EventId":{"Id":63,"Name":"UsingProfileAsKeyRepositoryWithDPAPI"},"SourceContext":"Microsoft.AspNetCore.DataProtection.KeyManagement.XmlKeyManager"}
{"@t":"2023-08-22T20:39:24.0094274Z","@mt":"Now listening on: {address}","address":"http://localhost:5252","EventId":{"Id":14,"Name":"ListeningOnAddress"},"SourceContext":"Microsoft.Hosting.Lifetime"}
{"@t":"2023-08-22T20:39:24.0106677Z","@mt":"{State:l}","@r":["Starting Hangfire Server using job storage: 'SQL Server: 127.0.0.1,1433@tempdb'"],"State":"Starting Hangfire Server using job storage: 'SQL Server: 127.0.0.1,1433@tempdb'","SourceContext":"Hangfire.BackgroundJobServer"}
{"@t":"2023-08-22T20:39:24.0114702Z","@mt":"{State:l}","@r":["Using the following options for SQL Server job storage: Queue poll interval: 00:00:00."],"State":"Using the following options for SQL Server job storage: Queue poll interval: 00:00:00.","SourceContext":"Hangfire.BackgroundJobServer"}
{"@t":"2023-08-22T20:39:24.0122010Z","@mt":"{State:l}","@r":["Using the following options for Hangfire Server:\r\n    Worker count: 20\r\n    Listening queues: 'default'\r\n    Shutdown timeout: 00:00:15\r\n    Schedule polling interval: 00:00:15"],"State":"Using the following options for Hangfire Server:\r\n    Worker count: 20\r\n    Listening queues: 'default'\r\n    Shutdown timeout: 00:00:15\r\n    Schedule polling interval: 00:00:15","SourceContext":"Hangfire.BackgroundJobServer"}
{"@t":"2023-08-22T20:39:24.0141942Z","@mt":"Application started. Press Ctrl+C to shut down.","SourceContext":"Microsoft.Hosting.Lifetime"}
{"@t":"2023-08-22T20:39:24.0149296Z","@mt":"Hosting environment: {EnvName}","EnvName":"Development","SourceContext":"Microsoft.Hosting.Lifetime"}
{"@t":"2023-08-22T20:39:24.0156771Z","@mt":"Content root path: {ContentRoot}","ContentRoot":"C:\\Users\\KreaM\\RiderProjects\\Solution1\\WebApi","SourceContext":"Microsoft.Hosting.Lifetime"}
{"@t":"2023-08-22T20:39:24.0157000Z","@mt":"{State:l}","@r":["Server kream-pc:10808:45addca8 successfully announced in 2.3309 ms"],"State":"Server kream-pc:10808:45addca8 successfully announced in 2.3309 ms","SourceContext":"Hangfire.Server.BackgroundServerProcess"}
{"@t":"2023-08-22T20:39:24.0175498Z","@mt":"{State:l}","@r":["Server kream-pc:10808:45addca8 is starting the registered dispatchers: ServerWatchdog, ServerJobCancellationWatcher, ExpirationManager, CountersAggregator, SqlServerHeartbeatProcess, Worker, DelayedJobScheduler, RecurringJobScheduler..."],"State":"Server kream-pc:10808:45addca8 is starting the registered dispatchers: ServerWatchdog, ServerJobCancellationWatcher, ExpirationManager, CountersAggregator, SqlServerHeartbeatProcess, Worker, DelayedJobScheduler, RecurringJobScheduler...","SourceContext":"Hangfire.Server.BackgroundServerProcess"}
{"@t":"2023-08-22T20:39:24.0226438Z","@mt":"{State:l}","@r":["Server kream-pc:10808:45addca8 all the dispatchers started"],"State":"Server kream-pc:10808:45addca8 all the dispatchers started","SourceContext":"Hangfire.Server.BackgroundServerProcess"}
{"@t":"2023-08-22T20:40:22.5743999Z","@mt":"{State:l}","@r":["Server kream-pc:10808:45addca8 caught stopping signal..."],"State":"Server kream-pc:10808:45addca8 caught stopping signal...","SourceContext":"Hangfire.Server.BackgroundServerProcess"}
{"@t":"2023-08-22T20:40:22.5767135Z","@mt":"Application is shutting down...","SourceContext":"Microsoft.Hosting.Lifetime"}
{"@t":"2023-08-22T20:40:22.5777019Z","@mt":"{State:l}","@r":["Server kream-pc:10808:45addca8 All dispatchers stopped"],"State":"Server kream-pc:10808:45addca8 All dispatchers stopped","SourceContext":"Hangfire.Server.BackgroundServerProcess"}
{"@t":"2023-08-22T20:40:22.5825699Z","@mt":"{State:l}","@r":["Server kream-pc:10808:45addca8 successfully reported itself as stopped in 2.7509 ms"],"State":"Server kream-pc:10808:45addca8 successfully reported itself as stopped in 2.7509 ms","SourceContext":"Hangfire.Server.BackgroundServerProcess"}
{"@t":"2023-08-22T20:40:22.5837032Z","@mt":"{State:l}","@r":["Server kream-pc:10808:45addca8 has been stopped in total 7.0529 ms"],"State":"Server kream-pc:10808:45addca8 has been stopped in total 7.0529 ms","SourceContext":"Hangfire.Server.BackgroundServerProcess"}
{"@t":"2023-08-22T20:40:27.5735212Z","@mt":"Start installing Hangfire SQL objects...","SourceContext":"Hangfire.SqlServer.SqlServerObjectsInstaller"}
{"@t":"2023-08-22T20:40:27.7242822Z","@mt":"Hangfire SQL objects installed.","SourceContext":"Hangfire.SqlServer.SqlServerObjectsInstaller"}
{"@t":"2023-08-22T20:40:27.7770044Z","@mt":"Application booted"}
{"@t":"2023-08-22T20:40:27.8409664Z","@mt":"Running Entity Framework Database Migrations..."}
{"@t":"2023-08-22T20:40:28.2292477Z","@mt":"Starting Web Api"}
{"@t":"2023-08-22T20:40:28.2654383Z","@mt":"Starting Hangfire Server using job storage: 'SQL Server: 127.0.0.1,1433@tempdb'","SourceContext":"Hangfire.BackgroundJobServer"}
{"@t":"2023-08-22T20:40:28.2662920Z","@mt":"Using the following options for SQL Server job storage: Queue poll interval: 00:00:00.","SourceContext":"Hangfire.BackgroundJobServer"}
{"@t":"2023-08-22T20:40:28.2669920Z","@mt":"Using the following options for Hangfire Server:\r\n    Worker count: 20\r\n    Listening queues: 'default'\r\n    Shutdown timeout: 00:00:15\r\n    Schedule polling interval: 00:00:15","SourceContext":"Hangfire.BackgroundJobServer"}
{"@t":"2023-08-22T20:40:28.3337353Z","@mt":"Server kream-pc:20260:8858f7a3 successfully announced in 54.3765 ms","SourceContext":"Hangfire.Server.BackgroundServerProcess"}
{"@t":"2023-08-22T20:40:28.3359201Z","@mt":"Server kream-pc:20260:8858f7a3 is starting the registered dispatchers: ServerWatchdog, ServerJobCancellationWatcher, ExpirationManager, CountersAggregator, SqlServerHeartbeatProcess, Worker, DelayedJobScheduler, RecurringJobScheduler...","SourceContext":"Hangfire.Server.BackgroundServerProcess"}
{"@t":"2023-08-22T20:40:28.3408095Z","@mt":"Server kream-pc:20260:8858f7a3 all the dispatchers started","SourceContext":"Hangfire.Server.BackgroundServerProcess"}
{"@t":"2023-08-22T20:41:25.0501153Z","@mt":"HTTP {RequestMethod} {RequestPath} responded {StatusCode} in {Elapsed:0.0000} ms","@r":["4.1248"],"RequestMethod":"GET","RequestPath":"/api","StatusCode":302,"Elapsed":4.1248,"SourceContext":"Serilog.AspNetCore.RequestLoggingMiddleware","RequestId":"0HMT3A0JG0PCD:00000001","ConnectionId":"0HMT3A0JG0PCD"}
{"@t":"2023-08-22T20:41:25.0709942Z","@mt":"HTTP {RequestMethod} {RequestPath} responded {StatusCode} in {Elapsed:0.0000} ms","@r":["7.8345"],"RequestMethod":"GET","RequestPath":"/api/index.html","StatusCode":200,"Elapsed":7.8345,"SourceContext":"Serilog.AspNetCore.RequestLoggingMiddleware","RequestId":"0HMT3A0JG0PCD:00000002","ConnectionId":"0HMT3A0JG0PCD"}
{"@t":"2023-08-22T20:41:26.9880256Z","@mt":"HTTP {RequestMethod} {RequestPath} responded {StatusCode} in {Elapsed:0.0000} ms","@r":["1.1531"],"RequestMethod":"GET","RequestPath":"/api/index.html","StatusCode":200,"Elapsed":1.1531,"SourceContext":"Serilog.AspNetCore.RequestLoggingMiddleware","RequestId":"0HMT3A0JG0PCD:00000003","ConnectionId":"0HMT3A0JG0PCD"}
{"@t":"2023-08-22T20:42:56.6551485Z","@mt":"Server kream-pc:20260:8858f7a3 caught stopping signal...","SourceContext":"Hangfire.Server.BackgroundServerProcess"}
{"@t":"2023-08-22T20:42:56.6579852Z","@mt":"Server kream-pc:20260:8858f7a3 All dispatchers stopped","SourceContext":"Hangfire.Server.BackgroundServerProcess"}
{"@t":"2023-08-22T20:42:56.6608071Z","@mt":"Server kream-pc:20260:8858f7a3 successfully reported itself as stopped in 1.7095 ms","SourceContext":"Hangfire.Server.BackgroundServerProcess"}
{"@t":"2023-08-22T20:42:56.6614105Z","@mt":"Server kream-pc:20260:8858f7a3 has been stopped in total 4.8848 ms","SourceContext":"Hangfire.Server.BackgroundServerProcess"}
