{"@t":"2023-08-23T20:22:40.9570025Z","@mt":"No migrations were applied. The database is already up to date.","EventId":{"Id":20405,"Name":"Microsoft.EntityFrameworkCore.Migrations.MigrationsNotApplied"},"SourceContext":"Microsoft.EntityFrameworkCore.Migrations"}
{"@t":"2023-08-23T20:22:41.0106577Z","@mt":"{State:l}","@r":["Start installing Hangfire SQL objects..."],"State":"Start installing Hangfire SQL objects...","SourceContext":"Hangfire.SqlServer.SqlServerObjectsInstaller"}
{"@t":"2023-08-23T20:22:41.0248061Z","@mt":"{State:l}","@r":["Hangfire SQL objects installed."],"State":"Hangfire SQL objects installed.","SourceContext":"Hangfire.SqlServer.SqlServerObjectsInstaller"}
{"@t":"2023-08-23T20:22:41.0362176Z","@mt":"User profile is available. Using '{FullName}' as key repository and Windows DPAPI to encrypt keys at rest.","FullName":"C:\\Users\\KreaM\\AppData\\Local\\ASP.NET\\DataProtection-Keys","EventId":{"Id":63,"Name":"UsingProfileAsKeyRepositoryWithDPAPI"},"SourceContext":"Microsoft.AspNetCore.DataProtection.KeyManagement.XmlKeyManager"}
{"@t":"2023-08-23T20:22:41.1193555Z","@mt":"{State:l}","@r":["Starting Hangfire Server using job storage: 'SQL Server: 127.0.0.1,1433@tempdb'"],"State":"Starting Hangfire Server using job storage: 'SQL Server: 127.0.0.1,1433@tempdb'","SourceContext":"Hangfire.BackgroundJobServer"}
{"@t":"2023-08-23T20:22:41.1194399Z","@mt":"{State:l}","@r":["Using the following options for SQL Server job storage: Queue poll interval: 00:00:00."],"State":"Using the following options for SQL Server job storage: Queue poll interval: 00:00:00.","SourceContext":"Hangfire.BackgroundJobServer"}
{"@t":"2023-08-23T20:22:41.1194630Z","@mt":"{State:l}","@r":["Using the following options for Hangfire Server:\r\n    Worker count: 20\r\n    Listening queues: 'default'\r\n    Shutdown timeout: 00:00:15\r\n    Schedule polling interval: 00:00:15"],"State":"Using the following options for Hangfire Server:\r\n    Worker count: 20\r\n    Listening queues: 'default'\r\n    Shutdown timeout: 00:00:15\r\n    Schedule polling interval: 00:00:15","SourceContext":"Hangfire.BackgroundJobServer"}
{"@t":"2023-08-23T20:22:41.1223255Z","@mt":"{State:l}","@r":["Server kream-pc:17840:974fb19e successfully announced in 2.3745 ms"],"State":"Server kream-pc:17840:974fb19e successfully announced in 2.3745 ms","SourceContext":"Hangfire.Server.BackgroundServerProcess"}
{"@t":"2023-08-23T20:22:41.1226217Z","@mt":"{State:l}","@r":["Server kream-pc:17840:974fb19e is starting the registered dispatchers: ServerWatchdog, ServerJobCancellationWatcher, ExpirationManager, CountersAggregator, SqlServerHeartbeatProcess, Worker, DelayedJobScheduler, RecurringJobScheduler..."],"State":"Server kream-pc:17840:974fb19e is starting the registered dispatchers: ServerWatchdog, ServerJobCancellationWatcher, ExpirationManager, CountersAggregator, SqlServerHeartbeatProcess, Worker, DelayedJobScheduler, RecurringJobScheduler...","SourceContext":"Hangfire.Server.BackgroundServerProcess"}
{"@t":"2023-08-23T20:22:41.1280577Z","@mt":"{State:l}","@r":["Server kream-pc:17840:974fb19e all the dispatchers started"],"State":"Server kream-pc:17840:974fb19e all the dispatchers started","SourceContext":"Hangfire.Server.BackgroundServerProcess"}
{"@t":"2023-08-23T20:22:41.3344098Z","@mt":"{State:l}","@r":["Stopping the server due to DomainUnload or ProcessExit event..."],"@l":"Warning","State":"Stopping the server due to DomainUnload or ProcessExit event...","SourceContext":"Hangfire.Server.BackgroundProcessingServer"}
{"@t":"2023-08-23T20:22:41.3345231Z","@mt":"{State:l}","@r":["Server kream-pc:17840:974fb19e caught stopping signal..."],"State":"Server kream-pc:17840:974fb19e caught stopping signal...","SourceContext":"Hangfire.Server.BackgroundServerProcess"}
{"@t":"2023-08-23T20:22:41.3352887Z","@mt":"{State:l}","@r":["Server kream-pc:17840:974fb19e caught stopped signal..."],"State":"Server kream-pc:17840:974fb19e caught stopped signal...","SourceContext":"Hangfire.Server.BackgroundServerProcess"}
{"@t":"2023-08-23T20:22:41.3353676Z","@mt":"{State:l}","@r":["Server kream-pc:17840:974fb19e caught shutdown signal..."],"@l":"Warning","State":"Server kream-pc:17840:974fb19e caught shutdown signal...","SourceContext":"Hangfire.Server.BackgroundServerProcess"}
{"@t":"2023-08-23T20:22:41.3358292Z","@mt":"{State:l}","@r":["Server kream-pc:17840:974fb19e stopped non-gracefully due to ServerWatchdog, ServerJobCancellationWatcher, Worker. Outstanding work on those dispatchers could be aborted, and there can be delays in background processing. This server instance will be incorrectly shown as active for a while. To avoid non-graceful shutdowns, investigate what prevents from stopping gracefully and add CancellationToken support for those methods."],"@l":"Warning","State":"Server kream-pc:17840:974fb19e stopped non-gracefully due to ServerWatchdog, ServerJobCancellationWatcher, Worker. Outstanding work on those dispatchers could be aborted, and there can be delays in background processing. This server instance will be incorrectly shown as active for a while. To avoid non-graceful shutdowns, investigate what prevents from stopping gracefully and add CancellationToken support for those methods.","SourceContext":"Hangfire.Server.BackgroundServerProcess"}
{"@t":"2023-08-23T20:22:41.3373020Z","@mt":"{State:l}","@r":["Server kream-pc:17840:974fb19e successfully reported itself as stopped in 1.2826 ms"],"State":"Server kream-pc:17840:974fb19e successfully reported itself as stopped in 1.2826 ms","SourceContext":"Hangfire.Server.BackgroundServerProcess"}
{"@t":"2023-08-23T20:22:41.3374049Z","@mt":"{State:l}","@r":["Server kream-pc:17840:974fb19e has been stopped in total 2.1252 ms"],"State":"Server kream-pc:17840:974fb19e has been stopped in total 2.1252 ms","SourceContext":"Hangfire.Server.BackgroundServerProcess"}
{"@t":"2023-08-23T20:22:42.0040647Z","@mt":"Start installing Hangfire SQL objects...","SourceContext":"Hangfire.SqlServer.SqlServerObjectsInstaller"}
{"@t":"2023-08-23T20:22:42.2072269Z","@mt":"Hangfire SQL objects installed.","SourceContext":"Hangfire.SqlServer.SqlServerObjectsInstaller"}
{"@t":"2023-08-23T20:22:42.2753415Z","@mt":"Application booted"}
{"@t":"2023-08-23T20:22:42.3534320Z","@mt":"Running Entity Framework Database Migrations..."}
{"@t":"2023-08-23T20:22:42.8590869Z","@mt":"Starting Web Api"}
{"@t":"2023-08-23T20:22:42.9003318Z","@mt":"Starting Hangfire Server using job storage: 'SQL Server: 127.0.0.1,1433@tempdb'","SourceContext":"Hangfire.BackgroundJobServer"}
{"@t":"2023-08-23T20:22:42.9013803Z","@mt":"Using the following options for SQL Server job storage: Queue poll interval: 00:00:00.","SourceContext":"Hangfire.BackgroundJobServer"}
{"@t":"2023-08-23T20:22:42.9021765Z","@mt":"Using the following options for Hangfire Server:\r\n    Worker count: 20\r\n    Listening queues: 'default'\r\n    Shutdown timeout: 00:00:15\r\n    Schedule polling interval: 00:00:15","SourceContext":"Hangfire.BackgroundJobServer"}
{"@t":"2023-08-23T20:22:42.9687610Z","@mt":"Server kream-pc:7900:2943242f successfully announced in 53.7853 ms","SourceContext":"Hangfire.Server.BackgroundServerProcess"}
{"@t":"2023-08-23T20:22:42.9713448Z","@mt":"Server kream-pc:7900:2943242f is starting the registered dispatchers: ServerWatchdog, ServerJobCancellationWatcher, ExpirationManager, CountersAggregator, SqlServerHeartbeatProcess, Worker, DelayedJobScheduler, RecurringJobScheduler...","SourceContext":"Hangfire.Server.BackgroundServerProcess"}
{"@t":"2023-08-23T20:22:42.9772081Z","@mt":"Server kream-pc:7900:2943242f all the dispatchers started","SourceContext":"Hangfire.Server.BackgroundServerProcess"}
