{"@t":"2023-08-23T20:21:08.3350639Z","@mt":"No migrations were applied. The database is already up to date.","EventId":{"Id":20405,"Name":"Microsoft.EntityFrameworkCore.Migrations.MigrationsNotApplied"},"SourceContext":"Microsoft.EntityFrameworkCore.Migrations"}
{"@t":"2023-08-23T20:21:08.3957809Z","@mt":"{State:l}","@r":["Start installing Hangfire SQL objects..."],"State":"Start installing Hangfire SQL objects...","SourceContext":"Hangfire.SqlServer.SqlServerObjectsInstaller"}
{"@t":"2023-08-23T20:21:08.4124782Z","@mt":"{State:l}","@r":["Hangfire SQL objects installed."],"State":"Hangfire SQL objects installed.","SourceContext":"Hangfire.SqlServer.SqlServerObjectsInstaller"}
{"@t":"2023-08-23T20:21:08.4217406Z","@mt":"User profile is available. Using '{FullName}' as key repository and Windows DPAPI to encrypt keys at rest.","FullName":"C:\\Users\\KreaM\\AppData\\Local\\ASP.NET\\DataProtection-Keys","EventId":{"Id":63,"Name":"UsingProfileAsKeyRepositoryWithDPAPI"},"SourceContext":"Microsoft.AspNetCore.DataProtection.KeyManagement.XmlKeyManager"}
{"@t":"2023-08-23T20:21:08.5278656Z","@mt":"Now listening on: {address}","address":"http://localhost:5252","EventId":{"Id":14,"Name":"ListeningOnAddress"},"SourceContext":"Microsoft.Hosting.Lifetime"}
{"@t":"2023-08-23T20:21:08.5290373Z","@mt":"{State:l}","@r":["Starting Hangfire Server using job storage: 'SQL Server: 127.0.0.1,1433@tempdb'"],"State":"Starting Hangfire Server using job storage: 'SQL Server: 127.0.0.1,1433@tempdb'","SourceContext":"Hangfire.BackgroundJobServer"}
{"@t":"2023-08-23T20:21:08.5296959Z","@mt":"{State:l}","@r":["Using the following options for SQL Server job storage: Queue poll interval: 00:00:00."],"State":"Using the following options for SQL Server job storage: Queue poll interval: 00:00:00.","SourceContext":"Hangfire.BackgroundJobServer"}
{"@t":"2023-08-23T20:21:08.5303350Z","@mt":"{State:l}","@r":["Using the following options for Hangfire Server:\r\n    Worker count: 20\r\n    Listening queues: 'default'\r\n    Shutdown timeout: 00:00:15\r\n    Schedule polling interval: 00:00:15"],"State":"Using the following options for Hangfire Server:\r\n    Worker count: 20\r\n    Listening queues: 'default'\r\n    Shutdown timeout: 00:00:15\r\n    Schedule polling interval: 00:00:15","SourceContext":"Hangfire.BackgroundJobServer"}
{"@t":"2023-08-23T20:21:08.5321486Z","@mt":"Application started. Press Ctrl+C to shut down.","SourceContext":"Microsoft.Hosting.Lifetime"}
{"@t":"2023-08-23T20:21:08.5332044Z","@mt":"Hosting environment: {EnvName}","EnvName":"Development","SourceContext":"Microsoft.Hosting.Lifetime"}
{"@t":"2023-08-23T20:21:08.5341922Z","@mt":"{State:l}","@r":["Server kream-pc:6332:ec375e8f successfully announced in 2.6218 ms"],"State":"Server kream-pc:6332:ec375e8f successfully announced in 2.6218 ms","SourceContext":"Hangfire.Server.BackgroundServerProcess"}
{"@t":"2023-08-23T20:21:08.5343213Z","@mt":"Content root path: {ContentRoot}","ContentRoot":"C:\\Users\\KreaM\\RiderProjects\\Solution1\\WebApi","SourceContext":"Microsoft.Hosting.Lifetime"}
{"@t":"2023-08-23T20:21:08.5350876Z","@mt":"{State:l}","@r":["Server kream-pc:6332:ec375e8f is starting the registered dispatchers: ServerWatchdog, ServerJobCancellationWatcher, ExpirationManager, CountersAggregator, SqlServerHeartbeatProcess, Worker, DelayedJobScheduler, RecurringJobScheduler..."],"State":"Server kream-pc:6332:ec375e8f is starting the registered dispatchers: ServerWatchdog, ServerJobCancellationWatcher, ExpirationManager, CountersAggregator, SqlServerHeartbeatProcess, Worker, DelayedJobScheduler, RecurringJobScheduler...","SourceContext":"Hangfire.Server.BackgroundServerProcess"}
{"@t":"2023-08-23T20:21:08.5403850Z","@mt":"{State:l}","@r":["Server kream-pc:6332:ec375e8f all the dispatchers started"],"State":"Server kream-pc:6332:ec375e8f all the dispatchers started","SourceContext":"Hangfire.Server.BackgroundServerProcess"}
{"@t":"2023-08-23T20:21:08.5701796Z","@mt":"{HostingRequestStartingLog:l}","@r":["Request starting HTTP/1.1 GET http://localhost:5252/api/index.html?url=/api/specification.json - -"],"Protocol":"HTTP/1.1","Method":"GET","ContentType":null,"ContentLength":null,"Scheme":"http","Host":"localhost:5252","PathBase":"","Path":"/api/index.html","QueryString":"?url=/api/specification.json","HostingRequestStartingLog":"Request starting HTTP/1.1 GET http://localhost:5252/api/index.html?url=/api/specification.json - -","EventId":{"Id":1},"SourceContext":"Microsoft.AspNetCore.Hosting.Diagnostics","RequestId":"0HMT42PU5EVHB:00000001","RequestPath":"/api/index.html","ConnectionId":"0HMT42PU5EVHB"}
{"@t":"2023-08-23T20:21:08.5906061Z","@mt":"{HostingRequestFinishedLog:l}","@r":["Request finished HTTP/1.1 GET http://localhost:5252/api/index.html?url=/api/specification.json - - - 200 - text/html;+charset=utf-8 20.5521ms"],"ElapsedMilliseconds":20.5521,"StatusCode":200,"ContentType":"text/html; charset=utf-8","ContentLength":null,"Protocol":"HTTP/1.1","Method":"GET","Scheme":"http","Host":"localhost:5252","PathBase":"","Path":"/api/index.html","QueryString":"?url=/api/specification.json","HostingRequestFinishedLog":"Request finished HTTP/1.1 GET http://localhost:5252/api/index.html?url=/api/specification.json - - - 200 - text/html;+charset=utf-8 20.5521ms","EventId":{"Id":2},"SourceContext":"Microsoft.AspNetCore.Hosting.Diagnostics","RequestId":"0HMT42PU5EVHB:00000001","RequestPath":"/api/index.html","ConnectionId":"0HMT42PU5EVHB"}
{"@t":"2023-08-23T20:21:08.6717020Z","@mt":"{HostingRequestStartingLog:l}","@r":["Request starting HTTP/1.1 GET http://localhost:5252/api/specification.json - -"],"Protocol":"HTTP/1.1","Method":"GET","ContentType":null,"ContentLength":null,"Scheme":"http","Host":"localhost:5252","PathBase":"","Path":"/api/specification.json","QueryString":"","HostingRequestStartingLog":"Request starting HTTP/1.1 GET http://localhost:5252/api/specification.json - -","EventId":{"Id":1},"SourceContext":"Microsoft.AspNetCore.Hosting.Diagnostics","RequestId":"0HMT42PU5EVHB:00000002","RequestPath":"/api/specification.json","ConnectionId":"0HMT42PU5EVHB"}
{"@t":"2023-08-23T20:21:08.6868204Z","@mt":"Sending file. Request path: '{VirtualPath}'. Physical path: '{PhysicalPath}'","VirtualPath":"/api/specification.json","PhysicalPath":"C:\\Users\\KreaM\\RiderProjects\\Solution1\\WebApi\\wwwroot\\api\\specification.json","EventId":{"Id":2,"Name":"FileServed"},"SourceContext":"Microsoft.AspNetCore.StaticFiles.StaticFileMiddleware","RequestId":"0HMT42PU5EVHB:00000002","RequestPath":"/api/specification.json","ConnectionId":"0HMT42PU5EVHB"}
{"@t":"2023-08-23T20:21:08.6903989Z","@mt":"{HostingRequestFinishedLog:l}","@r":["Request finished HTTP/1.1 GET http://localhost:5252/api/specification.json - - - 200 1091 application/json 18.6627ms"],"ElapsedMilliseconds":18.6627,"StatusCode":200,"ContentType":"application/json","ContentLength":1091,"Protocol":"HTTP/1.1","Method":"GET","Scheme":"http","Host":"localhost:5252","PathBase":"","Path":"/api/specification.json","QueryString":"","HostingRequestFinishedLog":"Request finished HTTP/1.1 GET http://localhost:5252/api/specification.json - - - 200 1091 application/json 18.6627ms","EventId":{"Id":2},"SourceContext":"Microsoft.AspNetCore.Hosting.Diagnostics","RequestId":"0HMT42PU5EVHB:00000002","RequestPath":"/api/specification.json","ConnectionId":"0HMT42PU5EVHB"}
{"@t":"2023-08-23T20:22:35.0199145Z","@mt":"{State:l}","@r":["Server kream-pc:6332:ec375e8f caught stopping signal..."],"State":"Server kream-pc:6332:ec375e8f caught stopping signal...","SourceContext":"Hangfire.Server.BackgroundServerProcess"}
{"@t":"2023-08-23T20:22:35.0226648Z","@mt":"Application is shutting down...","SourceContext":"Microsoft.Hosting.Lifetime"}
{"@t":"2023-08-23T20:22:35.0230102Z","@mt":"{State:l}","@r":["Server kream-pc:6332:ec375e8f All dispatchers stopped"],"State":"Server kream-pc:6332:ec375e8f All dispatchers stopped","SourceContext":"Hangfire.Server.BackgroundServerProcess"}
{"@t":"2023-08-23T20:22:35.0284656Z","@mt":"{State:l}","@r":["Server kream-pc:6332:ec375e8f successfully reported itself as stopped in 2.55 ms"],"State":"Server kream-pc:6332:ec375e8f successfully reported itself as stopped in 2.55 ms","SourceContext":"Hangfire.Server.BackgroundServerProcess"}
{"@t":"2023-08-23T20:22:35.0294825Z","@mt":"{State:l}","@r":["Server kream-pc:6332:ec375e8f has been stopped in total 6.9131 ms"],"State":"Server kream-pc:6332:ec375e8f has been stopped in total 6.9131 ms","SourceContext":"Hangfire.Server.BackgroundServerProcess"}
{"@t":"2023-08-23T20:22:40.3279219Z","@mt":"Start installing Hangfire SQL objects...","SourceContext":"Hangfire.SqlServer.SqlServerObjectsInstaller"}
{"@t":"2023-08-23T20:22:40.4754225Z","@mt":"Hangfire SQL objects installed.","SourceContext":"Hangfire.SqlServer.SqlServerObjectsInstaller"}
{"@t":"2023-08-23T20:22:40.5220065Z","@mt":"Application booted"}
{"@t":"2023-08-23T20:22:40.5842733Z","@mt":"Running Entity Framework Database Migrations..."}
{"@t":"2023-08-23T20:22:40.9639714Z","@mt":"Starting Web Api"}
{"@t":"2023-08-23T20:22:40.9964666Z","@mt":"Starting Hangfire Server using job storage: 'SQL Server: 127.0.0.1,1433@tempdb'","SourceContext":"Hangfire.BackgroundJobServer"}
{"@t":"2023-08-23T20:22:40.9966138Z","@mt":"Using the following options for SQL Server job storage: Queue poll interval: 00:00:00.","SourceContext":"Hangfire.BackgroundJobServer"}
{"@t":"2023-08-23T20:22:40.9967198Z","@mt":"Using the following options for Hangfire Server:\r\n    Worker count: 20\r\n    Listening queues: 'default'\r\n    Shutdown timeout: 00:00:15\r\n    Schedule polling interval: 00:00:15","SourceContext":"Hangfire.BackgroundJobServer"}
{"@t":"2023-08-23T20:22:41.0235780Z","@mt":"Server kream-pc:17840:2efaf258 successfully announced in 16.1689 ms","SourceContext":"Hangfire.Server.BackgroundServerProcess"}
{"@t":"2023-08-23T20:22:41.0252156Z","@mt":"Server kream-pc:17840:2efaf258 is starting the registered dispatchers: ServerWatchdog, ServerJobCancellationWatcher, ExpirationManager, CountersAggregator, SqlServerHeartbeatProcess, Worker, DelayedJobScheduler, RecurringJobScheduler...","SourceContext":"Hangfire.Server.BackgroundServerProcess"}
{"@t":"2023-08-23T20:22:41.0298744Z","@mt":"Server kream-pc:17840:2efaf258 all the dispatchers started","SourceContext":"Hangfire.Server.BackgroundServerProcess"}
{"@t":"2023-08-23T20:22:41.3141441Z","@mt":"Stopping the server due to DomainUnload or ProcessExit event...","@l":"Warning","SourceContext":"Hangfire.Server.BackgroundProcessingServer"}
{"@t":"2023-08-23T20:22:41.3143860Z","@mt":"Server kream-pc:17840:2efaf258 caught stopping signal...","SourceContext":"Hangfire.Server.BackgroundServerProcess"}
{"@t":"2023-08-23T20:22:41.3156687Z","@mt":"Server kream-pc:17840:2efaf258 caught stopped signal...","SourceContext":"Hangfire.Server.BackgroundServerProcess"}
{"@t":"2023-08-23T20:22:41.3159132Z","@mt":"Server kream-pc:17840:2efaf258 caught shutdown signal...","@l":"Warning","SourceContext":"Hangfire.Server.BackgroundServerProcess"}
{"@t":"2023-08-23T20:22:41.3165446Z","@mt":"Server kream-pc:17840:2efaf258 stopped non-gracefully due to ServerWatchdog, ServerJobCancellationWatcher, ExpirationManager, CountersAggregator, SqlServerHeartbeatProcess, Worker, DelayedJobScheduler, RecurringJobScheduler. Outstanding work on those dispatchers could be aborted, and there can be delays in background processing. This server instance will be incorrectly shown as active for a while. To avoid non-graceful shutdowns, investigate what prevents from stopping gracefully and add CancellationToken support for those methods.","@l":"Warning","SourceContext":"Hangfire.Server.BackgroundServerProcess"}
{"@t":"2023-08-23T20:22:41.3341352Z","@mt":"Server kream-pc:17840:2efaf258 successfully reported itself as stopped in 16.2976 ms","SourceContext":"Hangfire.Server.BackgroundServerProcess"}
{"@t":"2023-08-23T20:22:41.3342303Z","@mt":"Server kream-pc:17840:2efaf258 has been stopped in total 18.6493 ms","SourceContext":"Hangfire.Server.BackgroundServerProcess"}
