{"@t":"2023-08-23T20:21:06.5578107Z","@mt":"No migrations were applied. The database is already up to date.","EventId":{"Id":20405,"Name":"Microsoft.EntityFrameworkCore.Migrations.MigrationsNotApplied"},"SourceContext":"Microsoft.EntityFrameworkCore.Migrations"}
{"@t":"2023-08-23T20:21:06.6201980Z","@mt":"{State:l}","@r":["Start installing Hangfire SQL objects..."],"State":"Start installing Hangfire SQL objects...","SourceContext":"Hangfire.SqlServer.SqlServerObjectsInstaller"}
{"@t":"2023-08-23T20:21:06.6367291Z","@mt":"{State:l}","@r":["Hangfire SQL objects installed."],"State":"Hangfire SQL objects installed.","SourceContext":"Hangfire.SqlServer.SqlServerObjectsInstaller"}
{"@t":"2023-08-23T20:21:06.6489569Z","@mt":"User profile is available. Using '{FullName}' as key repository and Windows DPAPI to encrypt keys at rest.","FullName":"C:\\Users\\KreaM\\AppData\\Local\\ASP.NET\\DataProtection-Keys","EventId":{"Id":63,"Name":"UsingProfileAsKeyRepositoryWithDPAPI"},"SourceContext":"Microsoft.AspNetCore.DataProtection.KeyManagement.XmlKeyManager"}
{"@t":"2023-08-23T20:21:06.7347621Z","@mt":"{State:l}","@r":["Starting Hangfire Server using job storage: 'SQL Server: 127.0.0.1,1433@tempdb'"],"State":"Starting Hangfire Server using job storage: 'SQL Server: 127.0.0.1,1433@tempdb'","SourceContext":"Hangfire.BackgroundJobServer"}
{"@t":"2023-08-23T20:21:06.7349067Z","@mt":"{State:l}","@r":["Using the following options for SQL Server job storage: Queue poll interval: 00:00:00."],"State":"Using the following options for SQL Server job storage: Queue poll interval: 00:00:00.","SourceContext":"Hangfire.BackgroundJobServer"}
{"@t":"2023-08-23T20:21:06.7349505Z","@mt":"{State:l}","@r":["Using the following options for Hangfire Server:\r\n    Worker count: 20\r\n    Listening queues: 'default'\r\n    Shutdown timeout: 00:00:15\r\n    Schedule polling interval: 00:00:15"],"State":"Using the following options for Hangfire Server:\r\n    Worker count: 20\r\n    Listening queues: 'default'\r\n    Shutdown timeout: 00:00:15\r\n    Schedule polling interval: 00:00:15","SourceContext":"Hangfire.BackgroundJobServer"}
{"@t":"2023-08-23T20:21:06.7374722Z","@mt":"{State:l}","@r":["Server kream-pc:13068:f9240815 successfully announced in 2.1285 ms"],"State":"Server kream-pc:13068:f9240815 successfully announced in 2.1285 ms","SourceContext":"Hangfire.Server.BackgroundServerProcess"}
{"@t":"2023-08-23T20:21:06.7376618Z","@mt":"{State:l}","@r":["Server kream-pc:13068:f9240815 is starting the registered dispatchers: ServerWatchdog, ServerJobCancellationWatcher, ExpirationManager, CountersAggregator, SqlServerHeartbeatProcess, Worker, DelayedJobScheduler, RecurringJobScheduler..."],"State":"Server kream-pc:13068:f9240815 is starting the registered dispatchers: ServerWatchdog, ServerJobCancellationWatcher, ExpirationManager, CountersAggregator, SqlServerHeartbeatProcess, Worker, DelayedJobScheduler, RecurringJobScheduler...","SourceContext":"Hangfire.Server.BackgroundServerProcess"}
{"@t":"2023-08-23T20:21:06.7426923Z","@mt":"{State:l}","@r":["Server kream-pc:13068:f9240815 all the dispatchers started"],"State":"Server kream-pc:13068:f9240815 all the dispatchers started","SourceContext":"Hangfire.Server.BackgroundServerProcess"}
{"@t":"2023-08-23T20:21:06.9655605Z","@mt":"{State:l}","@r":["Stopping the server due to DomainUnload or ProcessExit event..."],"@l":"Warning","State":"Stopping the server due to DomainUnload or ProcessExit event...","SourceContext":"Hangfire.Server.BackgroundProcessingServer"}
{"@t":"2023-08-23T20:21:06.9656723Z","@mt":"{State:l}","@r":["Server kream-pc:13068:f9240815 caught stopping signal..."],"State":"Server kream-pc:13068:f9240815 caught stopping signal...","SourceContext":"Hangfire.Server.BackgroundServerProcess"}
{"@t":"2023-08-23T20:21:06.9662252Z","@mt":"{State:l}","@r":["Server kream-pc:13068:f9240815 caught stopped signal..."],"State":"Server kream-pc:13068:f9240815 caught stopped signal...","SourceContext":"Hangfire.Server.BackgroundServerProcess"}
{"@t":"2023-08-23T20:21:06.9663076Z","@mt":"{State:l}","@r":["Server kream-pc:13068:f9240815 caught shutdown signal..."],"@l":"Warning","State":"Server kream-pc:13068:f9240815 caught shutdown signal...","SourceContext":"Hangfire.Server.BackgroundServerProcess"}
{"@t":"2023-08-23T20:21:06.9669300Z","@mt":"{State:l}","@r":["Server kream-pc:13068:f9240815 stopped non-gracefully due to ServerJobCancellationWatcher, Worker. Outstanding work on those dispatchers could be aborted, and there can be delays in background processing. This server instance will be incorrectly shown as active for a while. To avoid non-graceful shutdowns, investigate what prevents from stopping gracefully and add CancellationToken support for those methods."],"@l":"Warning","State":"Server kream-pc:13068:f9240815 stopped non-gracefully due to ServerJobCancellationWatcher, Worker. Outstanding work on those dispatchers could be aborted, and there can be delays in background processing. This server instance will be incorrectly shown as active for a while. To avoid non-graceful shutdowns, investigate what prevents from stopping gracefully and add CancellationToken support for those methods.","SourceContext":"Hangfire.Server.BackgroundServerProcess"}
{"@t":"2023-08-23T20:21:06.9682518Z","@mt":"{State:l}","@r":["Server kream-pc:13068:f9240815 successfully reported itself as stopped in 1.0905 ms"],"State":"Server kream-pc:13068:f9240815 successfully reported itself as stopped in 1.0905 ms","SourceContext":"Hangfire.Server.BackgroundServerProcess"}
{"@t":"2023-08-23T20:21:06.9682929Z","@mt":"{State:l}","@r":["Server kream-pc:13068:f9240815 has been stopped in total 2.081 ms"],"State":"Server kream-pc:13068:f9240815 has been stopped in total 2.081 ms","SourceContext":"Hangfire.Server.BackgroundServerProcess"}
{"@t":"2023-08-23T20:21:07.6112245Z","@mt":"Start installing Hangfire SQL objects...","SourceContext":"Hangfire.SqlServer.SqlServerObjectsInstaller"}
{"@t":"2023-08-23T20:21:07.7922629Z","@mt":"Hangfire SQL objects installed.","SourceContext":"Hangfire.SqlServer.SqlServerObjectsInstaller"}
{"@t":"2023-08-23T20:21:07.8540003Z","@mt":"Application booted"}
{"@t":"2023-08-23T20:21:07.9190466Z","@mt":"Running Entity Framework Database Migrations..."}
{"@t":"2023-08-23T20:21:08.3442516Z","@mt":"Starting Web Api"}
{"@t":"2023-08-23T20:21:08.3795554Z","@mt":"Starting Hangfire Server using job storage: 'SQL Server: 127.0.0.1,1433@tempdb'","SourceContext":"Hangfire.BackgroundJobServer"}
{"@t":"2023-08-23T20:21:08.3804189Z","@mt":"Using the following options for SQL Server job storage: Queue poll interval: 00:00:00.","SourceContext":"Hangfire.BackgroundJobServer"}
{"@t":"2023-08-23T20:21:08.3810071Z","@mt":"Using the following options for Hangfire Server:\r\n    Worker count: 20\r\n    Listening queues: 'default'\r\n    Shutdown timeout: 00:00:15\r\n    Schedule polling interval: 00:00:15","SourceContext":"Hangfire.BackgroundJobServer"}
{"@t":"2023-08-23T20:21:08.4476277Z","@mt":"Server kream-pc:6332:801b2a6e successfully announced in 54.5303 ms","SourceContext":"Hangfire.Server.BackgroundServerProcess"}
{"@t":"2023-08-23T20:21:08.4501022Z","@mt":"Server kream-pc:6332:801b2a6e is starting the registered dispatchers: ServerWatchdog, ServerJobCancellationWatcher, ExpirationManager, CountersAggregator, SqlServerHeartbeatProcess, Worker, DelayedJobScheduler, RecurringJobScheduler...","SourceContext":"Hangfire.Server.BackgroundServerProcess"}
{"@t":"2023-08-23T20:21:08.4553842Z","@mt":"Server kream-pc:6332:801b2a6e all the dispatchers started","SourceContext":"Hangfire.Server.BackgroundServerProcess"}
{"@t":"2023-08-23T20:21:08.5860520Z","@mt":"HTTP {RequestMethod} {RequestPath} responded {StatusCode} in {Elapsed:0.0000} ms","@r":["11.1588"],"RequestMethod":"GET","RequestPath":"/api/index.html","StatusCode":200,"Elapsed":11.1588,"SourceContext":"Serilog.AspNetCore.RequestLoggingMiddleware","RequestId":"0HMT42PU5EVHB:00000001","ConnectionId":"0HMT42PU5EVHB"}
{"@t":"2023-08-23T20:21:08.6882092Z","@mt":"HTTP {RequestMethod} {RequestPath} responded {StatusCode} in {Elapsed:0.0000} ms","@r":["15.7333"],"RequestMethod":"GET","RequestPath":"/api/specification.json","StatusCode":200,"Elapsed":15.7333,"SourceContext":"Serilog.AspNetCore.RequestLoggingMiddleware","RequestId":"0HMT42PU5EVHB:00000002","ConnectionId":"0HMT42PU5EVHB"}
{"@t":"2023-08-23T20:22:35.0328181Z","@mt":"Server kream-pc:6332:801b2a6e caught stopping signal...","SourceContext":"Hangfire.Server.BackgroundServerProcess"}
{"@t":"2023-08-23T20:22:35.0358389Z","@mt":"Server kream-pc:6332:801b2a6e All dispatchers stopped","SourceContext":"Hangfire.Server.BackgroundServerProcess"}
{"@t":"2023-08-23T20:22:35.0385934Z","@mt":"Server kream-pc:6332:801b2a6e successfully reported itself as stopped in 1.8862 ms","SourceContext":"Hangfire.Server.BackgroundServerProcess"}
{"@t":"2023-08-23T20:22:35.0395461Z","@mt":"Server kream-pc:6332:801b2a6e has been stopped in total 5.278 ms","SourceContext":"Hangfire.Server.BackgroundServerProcess"}
