{"@t":"2023-08-22T20:46:12.7882853Z","@mt":"No migrations were applied. The database is already up to date.","EventId":{"Id":20405,"Name":"Microsoft.EntityFrameworkCore.Migrations.MigrationsNotApplied"},"SourceContext":"Microsoft.EntityFrameworkCore.Migrations"}
{"@t":"2023-08-22T20:46:12.8440732Z","@mt":"{State:l}","@r":["Start installing Hangfire SQL objects..."],"State":"Start installing Hangfire SQL objects...","SourceContext":"Hangfire.SqlServer.SqlServerObjectsInstaller"}
{"@t":"2023-08-22T20:46:12.8573948Z","@mt":"{State:l}","@r":["Hangfire SQL objects installed."],"State":"Hangfire SQL objects installed.","SourceContext":"Hangfire.SqlServer.SqlServerObjectsInstaller"}
{"@t":"2023-08-22T20:46:12.8693087Z","@mt":"User profile is available. Using '{FullName}' as key repository and Windows DPAPI to encrypt keys at rest.","FullName":"C:\\Users\\KreaM\\AppData\\Local\\ASP.NET\\DataProtection-Keys","EventId":{"Id":63,"Name":"UsingProfileAsKeyRepositoryWithDPAPI"},"SourceContext":"Microsoft.AspNetCore.DataProtection.KeyManagement.XmlKeyManager"}
{"@t":"2023-08-22T20:46:12.9539076Z","@mt":"{State:l}","@r":["Starting Hangfire Server using job storage: 'SQL Server: 127.0.0.1,1433@tempdb'"],"State":"Starting Hangfire Server using job storage: 'SQL Server: 127.0.0.1,1433@tempdb'","SourceContext":"Hangfire.BackgroundJobServer"}
{"@t":"2023-08-22T20:46:12.9539855Z","@mt":"{State:l}","@r":["Using the following options for SQL Server job storage: Queue poll interval: 00:00:00."],"State":"Using the following options for SQL Server job storage: Queue poll interval: 00:00:00.","SourceContext":"Hangfire.BackgroundJobServer"}
{"@t":"2023-08-22T20:46:12.9540090Z","@mt":"{State:l}","@r":["Using the following options for Hangfire Server:\r\n    Worker count: 20\r\n    Listening queues: 'default'\r\n    Shutdown timeout: 00:00:15\r\n    Schedule polling interval: 00:00:15"],"State":"Using the following options for Hangfire Server:\r\n    Worker count: 20\r\n    Listening queues: 'default'\r\n    Shutdown timeout: 00:00:15\r\n    Schedule polling interval: 00:00:15","SourceContext":"Hangfire.BackgroundJobServer"}
{"@t":"2023-08-22T20:46:12.9564928Z","@mt":"{State:l}","@r":["Server kream-pc:16124:ef167cbe successfully announced in 2.1053 ms"],"State":"Server kream-pc:16124:ef167cbe successfully announced in 2.1053 ms","SourceContext":"Hangfire.Server.BackgroundServerProcess"}
{"@t":"2023-08-22T20:46:12.9567269Z","@mt":"{State:l}","@r":["Server kream-pc:16124:ef167cbe is starting the registered dispatchers: ServerWatchdog, ServerJobCancellationWatcher, ExpirationManager, CountersAggregator, SqlServerHeartbeatProcess, Worker, DelayedJobScheduler, RecurringJobScheduler..."],"State":"Server kream-pc:16124:ef167cbe is starting the registered dispatchers: ServerWatchdog, ServerJobCancellationWatcher, ExpirationManager, CountersAggregator, SqlServerHeartbeatProcess, Worker, DelayedJobScheduler, RecurringJobScheduler...","SourceContext":"Hangfire.Server.BackgroundServerProcess"}
{"@t":"2023-08-22T20:46:12.9613897Z","@mt":"{State:l}","@r":["Server kream-pc:16124:ef167cbe all the dispatchers started"],"State":"Server kream-pc:16124:ef167cbe all the dispatchers started","SourceContext":"Hangfire.Server.BackgroundServerProcess"}
{"@t":"2023-08-22T20:46:13.1855832Z","@mt":"{State:l}","@r":["Stopping the server due to DomainUnload or ProcessExit event..."],"@l":"Warning","State":"Stopping the server due to DomainUnload or ProcessExit event...","SourceContext":"Hangfire.Server.BackgroundProcessingServer"}
{"@t":"2023-08-22T20:46:13.1856915Z","@mt":"{State:l}","@r":["Server kream-pc:16124:ef167cbe caught stopping signal..."],"State":"Server kream-pc:16124:ef167cbe caught stopping signal...","SourceContext":"Hangfire.Server.BackgroundServerProcess"}
{"@t":"2023-08-22T20:46:13.1867645Z","@mt":"{State:l}","@r":["Server kream-pc:16124:ef167cbe caught stopped signal..."],"State":"Server kream-pc:16124:ef167cbe caught stopped signal...","SourceContext":"Hangfire.Server.BackgroundServerProcess"}
{"@t":"2023-08-22T20:46:13.1868102Z","@mt":"{State:l}","@r":["Server kream-pc:16124:ef167cbe caught shutdown signal..."],"@l":"Warning","State":"Server kream-pc:16124:ef167cbe caught shutdown signal...","SourceContext":"Hangfire.Server.BackgroundServerProcess"}
{"@t":"2023-08-22T20:46:13.1870574Z","@mt":"{State:l}","@r":["Server kream-pc:16124:ef167cbe stopped non-gracefully due to Worker. Outstanding work on those dispatchers could be aborted, and there can be delays in background processing. This server instance will be incorrectly shown as active for a while. To avoid non-graceful shutdowns, investigate what prevents from stopping gracefully and add CancellationToken support for those methods."],"@l":"Warning","State":"Server kream-pc:16124:ef167cbe stopped non-gracefully due to Worker. Outstanding work on those dispatchers could be aborted, and there can be delays in background processing. This server instance will be incorrectly shown as active for a while. To avoid non-graceful shutdowns, investigate what prevents from stopping gracefully and add CancellationToken support for those methods.","SourceContext":"Hangfire.Server.BackgroundServerProcess"}
{"@t":"2023-08-22T20:46:13.1888656Z","@mt":"{State:l}","@r":["Server kream-pc:16124:ef167cbe successfully reported itself as stopped in 1.6226 ms"],"State":"Server kream-pc:16124:ef167cbe successfully reported itself as stopped in 1.6226 ms","SourceContext":"Hangfire.Server.BackgroundServerProcess"}
{"@t":"2023-08-22T20:46:13.1889157Z","@mt":"{State:l}","@r":["Server kream-pc:16124:ef167cbe has been stopped in total 2.1595 ms"],"State":"Server kream-pc:16124:ef167cbe has been stopped in total 2.1595 ms","SourceContext":"Hangfire.Server.BackgroundServerProcess"}
{"@t":"2023-08-22T20:46:13.9058910Z","@mt":"Start installing Hangfire SQL objects...","SourceContext":"Hangfire.SqlServer.SqlServerObjectsInstaller"}
{"@t":"2023-08-22T20:46:14.0551715Z","@mt":"Hangfire SQL objects installed.","SourceContext":"Hangfire.SqlServer.SqlServerObjectsInstaller"}
{"@t":"2023-08-22T20:46:14.1082153Z","@mt":"Application booted"}
{"@t":"2023-08-22T20:46:14.1728079Z","@mt":"Running Entity Framework Database Migrations..."}
{"@t":"2023-08-22T20:46:14.5606490Z","@mt":"Starting Web Api"}
{"@t":"2023-08-22T20:46:14.5943640Z","@mt":"Starting Hangfire Server using job storage: 'SQL Server: 127.0.0.1,1433@tempdb'","SourceContext":"Hangfire.BackgroundJobServer"}
{"@t":"2023-08-22T20:46:14.5953062Z","@mt":"Using the following options for SQL Server job storage: Queue poll interval: 00:00:00.","SourceContext":"Hangfire.BackgroundJobServer"}
{"@t":"2023-08-22T20:46:14.5959340Z","@mt":"Using the following options for Hangfire Server:\r\n    Worker count: 20\r\n    Listening queues: 'default'\r\n    Shutdown timeout: 00:00:15\r\n    Schedule polling interval: 00:00:15","SourceContext":"Hangfire.BackgroundJobServer"}
{"@t":"2023-08-22T20:46:14.6594692Z","@mt":"Server kream-pc:1340:e9cd07a3 successfully announced in 51.3727 ms","SourceContext":"Hangfire.Server.BackgroundServerProcess"}
{"@t":"2023-08-22T20:46:14.6616350Z","@mt":"Server kream-pc:1340:e9cd07a3 is starting the registered dispatchers: ServerWatchdog, ServerJobCancellationWatcher, ExpirationManager, CountersAggregator, SqlServerHeartbeatProcess, Worker, DelayedJobScheduler, RecurringJobScheduler...","SourceContext":"Hangfire.Server.BackgroundServerProcess"}
{"@t":"2023-08-22T20:46:14.6671266Z","@mt":"Server kream-pc:1340:e9cd07a3 all the dispatchers started","SourceContext":"Hangfire.Server.BackgroundServerProcess"}
{"@t":"2023-08-22T20:46:18.9110418Z","@mt":"HTTP {RequestMethod} {RequestPath} responded {StatusCode} in {Elapsed:0.0000} ms","@r":["11.3025"],"RequestMethod":"GET","RequestPath":"/api/index.html","StatusCode":200,"Elapsed":11.3025,"SourceContext":"Serilog.AspNetCore.RequestLoggingMiddleware","RequestId":"0HMT3A3B25L4S:00000001","ConnectionId":"0HMT3A3B25L4S"}
{"@t":"2023-08-22T20:46:19.1318084Z","@mt":"HTTP {RequestMethod} {RequestPath} responded {StatusCode} in {Elapsed:0.0000} ms","@r":["12.3259"],"RequestMethod":"GET","RequestPath":"/api/specification.json","StatusCode":200,"Elapsed":12.3259,"SourceContext":"Serilog.AspNetCore.RequestLoggingMiddleware","RequestId":"0HMT3A3B25L4S:00000002","ConnectionId":"0HMT3A3B25L4S"}
{"@t":"2023-08-22T20:46:19.1340867Z","@mt":"HTTP {RequestMethod} {RequestPath} responded {StatusCode} in {Elapsed:0.0000} ms","@r":["3.4917"],"RequestMethod":"GET","RequestPath":"/api/favicon-32x32.png","StatusCode":304,"Elapsed":3.4917,"SourceContext":"Serilog.AspNetCore.RequestLoggingMiddleware","RequestId":"0HMT3A3B25L4T:00000001","ConnectionId":"0HMT3A3B25L4T"}
{"@t":"2023-08-22T20:46:24.0385822Z","@mt":"HTTP {RequestMethod} {RequestPath} responded {StatusCode} in {Elapsed:0.0000} ms","@r":["46.6655"],"RequestMethod":"GET","RequestPath":"/api/v1/weatherforecast","StatusCode":200,"Elapsed":46.6655,"SourceContext":"Serilog.AspNetCore.RequestLoggingMiddleware","RequestId":"0HMT3A3B25L4T:00000002","ConnectionId":"0HMT3A3B25L4T"}
{"@t":"2023-08-22T20:46:32.1955239Z","@mt":"HTTP {RequestMethod} {RequestPath} responded {StatusCode} in {Elapsed:0.0000} ms","@r":["1.5212"],"RequestMethod":"GET","RequestPath":"/api/index.html","StatusCode":200,"Elapsed":1.5212,"SourceContext":"Serilog.AspNetCore.RequestLoggingMiddleware","RequestId":"0HMT3A3B25L4T:00000003","ConnectionId":"0HMT3A3B25L4T"}
{"@t":"2023-08-22T20:46:55.8908484Z","@mt":"Server kream-pc:1340:e9cd07a3 caught stopping signal...","SourceContext":"Hangfire.Server.BackgroundServerProcess"}
{"@t":"2023-08-22T20:46:55.8931434Z","@mt":"Server kream-pc:1340:e9cd07a3 All dispatchers stopped","SourceContext":"Hangfire.Server.BackgroundServerProcess"}
{"@t":"2023-08-22T20:46:55.8956378Z","@mt":"Server kream-pc:1340:e9cd07a3 successfully reported itself as stopped in 1.8283 ms","SourceContext":"Hangfire.Server.BackgroundServerProcess"}
{"@t":"2023-08-22T20:46:55.8963032Z","@mt":"Server kream-pc:1340:e9cd07a3 has been stopped in total 4.2878 ms","SourceContext":"Hangfire.Server.BackgroundServerProcess"}
